{
  "stats": {
    "suites": 1,
    "tests": 1,
    "passes": 1,
    "pending": 0,
    "failures": 0,
    "start": "2023-10-17T18:40:47.513Z",
    "end": "2023-10-17T18:40:58.784Z",
    "duration": 11271,
    "testsRegistered": 1,
    "passPercent": 100,
    "pendingPercent": 0,
    "other": 0,
    "hasOther": false,
    "skipped": 0,
    "hasSkipped": false
  },
  "results": [
    {
      "uuid": "68cd0f6f-3bad-48f8-b342-77f7471e9c7e",
      "title": "",
      "fullFile": "C:\\Users\\Nico\\Documents\\angular-sample\\login_test.js",
      "file": "\\login_test.js",
      "beforeHooks": [],
      "afterHooks": [],
      "tests": [],
      "suites": [
        {
          "uuid": "b38ae902-a514-4eb0-ae96-ab3f0ea1ab23",
          "title": "sample",
          "fullFile": "C:\\Users\\Nico\\Documents\\angular-sample\\login_test.js",
          "file": "\\login_test.js",
          "beforeHooks": [
            {
              "title": "\"before all\" hook: codeceptjs.beforeSuite in \"sample\"",
              "fullTitle": "sample \"before all\" hook: codeceptjs.beforeSuite in \"sample\"",
              "timedOut": false,
              "duration": 888,
              "state": null,
              "speed": null,
              "pass": false,
              "fail": false,
              "pending": false,
              "context": null,
              "code": "scenario.suiteSetup(suite)",
              "err": {},
              "uuid": "c320c234-2b1b-4f63-88c8-5ca54d92bb0a",
              "parentUUID": "b38ae902-a514-4eb0-ae96-ab3f0ea1ab23",
              "isHook": true,
              "skipped": false
            },
            {
              "title": "\"before each\" hook: codeceptjs.before in \"sample\"",
              "fullTitle": "sample \"before each\" hook: codeceptjs.before in \"sample\"",
              "timedOut": false,
              "duration": 2965,
              "state": null,
              "speed": null,
              "pass": false,
              "fail": false,
              "pending": false,
              "context": null,
              "code": "scenario.setup(suite)",
              "err": {},
              "uuid": "27fff581-ddb2-43b0-bc33-f54c4a9fe9e3",
              "parentUUID": "b38ae902-a514-4eb0-ae96-ab3f0ea1ab23",
              "isHook": true,
              "skipped": false
            }
          ],
          "afterHooks": [
            {
              "title": "\"after all\" hook: codeceptjs.afterSuite in \"sample\"",
              "fullTitle": "sample \"after all\" hook: codeceptjs.afterSuite in \"sample\"",
              "timedOut": false,
              "duration": 1,
              "state": null,
              "speed": null,
              "pass": false,
              "fail": false,
              "pending": false,
              "context": null,
              "code": "scenario.suiteTeardown(suite)",
              "err": {},
              "uuid": "d2040b62-dc97-4161-b855-534fb6fb048f",
              "parentUUID": "b38ae902-a514-4eb0-ae96-ab3f0ea1ab23",
              "isHook": true,
              "skipped": false
            },
            {
              "title": "\"after each\" hook: finalize codeceptjs in \"sample\"",
              "fullTitle": "sample \"after each\" hook: finalize codeceptjs in \"sample\"",
              "timedOut": false,
              "duration": 11,
              "state": null,
              "speed": null,
              "pass": false,
              "fail": false,
              "pending": false,
              "context": null,
              "code": "scenario.teardown(suite)",
              "err": {},
              "uuid": "fd9b30ad-c099-49f4-b569-c48a03431330",
              "parentUUID": "b38ae902-a514-4eb0-ae96-ab3f0ea1ab23",
              "isHook": true,
              "skipped": false
            }
          ],
          "tests": [
            {
              "title": "Unificado",
              "fullTitle": "sample: Unificado",
              "timedOut": false,
              "duration": 7404,
              "state": "passed",
              "speed": "slow",
              "pass": true,
              "fail": false,
              "pending": false,
              "context": null,
              "code": "I }) => {\n    I.amOnPage('http://localhost:4200');\n\tI.click('Register');\n\tI.amOnPage('/account/register')\n    I.see('Login');\n\tI.fillField('[formcontrolname=\"firstName\"]','emilia');\n\tI.fillField('[formcontrolname=\"lastName\"]','Schwindt');\n\tI.fillField('[formcontrolname=\"username\"]','emilia');\n\tI.fillField('[formcontrolname=\"password\"]','1234567890');\n\tI.click('Register');\n  \t\n    I.amOnPage('http://localhost:4200');\n    I.see('Login');\n\tI.fillField('[formcontrolname=\"username\"]','juan');\n\tI.fillField('[formcontrolname=\"password\"]','123456');\n\tI.click('Login');\n\tI.see('Username or password is incorrect');\n  \t\n\t\n\tI.amOnPage('http://localhost:4200');\n\tI.see('Login');\n\tI.fillField('[formcontrolname=\"username\"]','emilia');\n\tI.fillField('[formcontrolname=\"password\"]','1234567890');\n\tI.click('Login');\n\tI.see('Hi emilia','H1');",
              "err": {},
              "uuid": "2576df9e-ddfa-410f-8cbc-aec7831266b8",
              "parentUUID": "b38ae902-a514-4eb0-ae96-ab3f0ea1ab23",
              "isHook": false,
              "skipped": false
            }
          ],
          "suites": [],
          "passes": [
            "2576df9e-ddfa-410f-8cbc-aec7831266b8"
          ],
          "failures": [],
          "pending": [],
          "skipped": [],
          "duration": 7404,
          "root": false,
          "rootEmpty": false,
          "_timeout": 0
        }
      ],
      "passes": [],
      "failures": [],
      "pending": [],
      "skipped": [],
      "duration": 0,
      "root": true,
      "rootEmpty": true,
      "_timeout": 0
    }
  ],
  "meta": {
    "mocha": {
      "version": "10.2.0"
    },
    "mochawesome": {
      "options": {
        "quiet": false,
        "reportFilename": "mochawesome-report",
        "saveHtml": true,
        "saveJson": true,
        "consoleReporter": "spec",
        "useInlineDiffs": false,
        "code": true
      },
      "version": "7.1.3"
    },
    "marge": {
      "options": {
        "reportDir": "./output",
        "reportFilename": "mochawesome-report"
      },
      "version": "6.2.0"
    }
  }
}